  [1m[35m (1419.8ms)[0m  [1m[35mCREATE DATABASE "rails-garden-manager_development" ENCODING = 'unicode'[0m
  ↳ bin/rails:9
  [1m[35m (862.6ms)[0m  [1m[35mCREATE DATABASE "rails-garden-manager_test" ENCODING = 'unicode'[0m
  ↳ bin/rails:9
  [1m[35m (127.5ms)[0m  [1m[35mCREATE TABLE "schema_migrations" ("version" character varying NOT NULL PRIMARY KEY)[0m
  ↳ bin/rails:9
  [1m[35m (107.4ms)[0m  [1m[35mCREATE TABLE "ar_internal_metadata" ("key" character varying NOT NULL PRIMARY KEY, "value" character varying, "created_at" timestamp NOT NULL, "updated_at" timestamp NOT NULL)[0m
  ↳ bin/rails:9
  [1m[35m (0.4ms)[0m  [1m[34mSELECT pg_try_advisory_lock(5952389427026727090)[0m
  ↳ bin/rails:9
  [1m[35m (0.6ms)[0m  [1m[34mSELECT "schema_migrations"."version" FROM "schema_migrations" ORDER BY "schema_migrations"."version" ASC[0m
  ↳ bin/rails:9
Migrating to CreateGardens (20191125112553)
  [1m[35m (0.2ms)[0m  [1m[35mBEGIN[0m
  ↳ bin/rails:9
  [1m[35m (126.7ms)[0m  [1m[35mCREATE TABLE "gardens" ("id" bigserial primary key, "name" character varying, "banner_url" character varying, "created_at" timestamp NOT NULL, "updated_at" timestamp NOT NULL)[0m
  ↳ db/migrate/20191125112553_create_gardens.rb:3
  [1m[36mActiveRecord::SchemaMigration Create (0.9ms)[0m  [1m[32mINSERT INTO "schema_migrations" ("version") VALUES ($1) RETURNING "version"[0m  [["version", "20191125112553"]]
  ↳ bin/rails:9
  [1m[35m (13.1ms)[0m  [1m[35mCOMMIT[0m
  ↳ bin/rails:9
Migrating to CreatePlants (20191125113109)
  [1m[35m (0.2ms)[0m  [1m[35mBEGIN[0m
  ↳ bin/rails:9
  [1m[35m (102.3ms)[0m  [1m[35mCREATE TABLE "plants" ("id" bigserial primary key, "garden_id" bigint, "name" character varying, "image_url" character varying, "created_at" timestamp NOT NULL, "updated_at" timestamp NOT NULL, CONSTRAINT "fk_rails_2c5194e718"
FOREIGN KEY ("garden_id")
  REFERENCES "gardens" ("id")
)[0m
  ↳ db/migrate/20191125113109_create_plants.rb:3
  [1m[35m (38.5ms)[0m  [1m[35mCREATE  INDEX  "index_plants_on_garden_id" ON "plants"  ("garden_id")[0m
  ↳ db/migrate/20191125113109_create_plants.rb:3
  [1m[36mActiveRecord::SchemaMigration Create (0.5ms)[0m  [1m[32mINSERT INTO "schema_migrations" ("version") VALUES ($1) RETURNING "version"[0m  [["version", "20191125113109"]]
  ↳ bin/rails:9
  [1m[35m (17.1ms)[0m  [1m[35mCOMMIT[0m
  ↳ bin/rails:9
  [1m[36mActiveRecord::InternalMetadata Load (0.4ms)[0m  [1m[34mSELECT  "ar_internal_metadata".* FROM "ar_internal_metadata" WHERE "ar_internal_metadata"."key" = $1 LIMIT $2[0m  [["key", "environment"], ["LIMIT", 1]]
  ↳ bin/rails:9
  [1m[35m (0.1ms)[0m  [1m[35mBEGIN[0m
  ↳ bin/rails:9
  [1m[36mActiveRecord::InternalMetadata Create (0.4ms)[0m  [1m[32mINSERT INTO "ar_internal_metadata" ("key", "value", "created_at", "updated_at") VALUES ($1, $2, $3, $4) RETURNING "key"[0m  [["key", "environment"], ["value", "development"], ["created_at", "2020-03-30 16:25:25.602720"], ["updated_at", "2020-03-30 16:25:25.602720"]]
  ↳ bin/rails:9
  [1m[35m (4.3ms)[0m  [1m[35mCOMMIT[0m
  ↳ bin/rails:9
  [1m[35m (0.2ms)[0m  [1m[34mSELECT pg_advisory_unlock(5952389427026727090)[0m
  ↳ bin/rails:9
  [1m[35m (0.3ms)[0m  [1m[34mSELECT "schema_migrations"."version" FROM "schema_migrations" ORDER BY "schema_migrations"."version" ASC[0m
  ↳ bin/rails:9
  [1m[35m (0.5ms)[0m  [1m[34mSELECT "schema_migrations"."version" FROM "schema_migrations" ORDER BY "schema_migrations"."version" ASC[0m
  ↳ bin/rails:9
  [1m[36mGarden Load (1.1ms)[0m  [1m[34mSELECT "gardens".* FROM "gardens"[0m
  ↳ db/seeds.rb:1
  [1m[35m (0.1ms)[0m  [1m[35mBEGIN[0m
  ↳ db/seeds.rb:18
  [1m[36mGarden Exists (0.4ms)[0m  [1m[34mSELECT  1 AS one FROM "gardens" WHERE "gardens"."name" = $1 LIMIT $2[0m  [["name", "French garden"], ["LIMIT", 1]]
  ↳ db/seeds.rb:18
  [1m[36mGarden Create (0.4ms)[0m  [1m[32mINSERT INTO "gardens" ("name", "banner_url", "created_at", "updated_at") VALUES ($1, $2, $3, $4) RETURNING "id"[0m  [["name", "French garden"], ["banner_url", "https://images.unsplash.com/photo-1563491912433-457e34e0d9dd?crop=entropy&cs=tinysrgb&fit=crop&fm=jpg&h=700&ixid=eyJhcHBfaWQiOjF9&ixlib=rb-1.2.1&q=80&w=1200"], ["created_at", "2020-03-30 16:25:57.586779"], ["updated_at", "2020-03-30 16:25:57.586779"]]
  ↳ db/seeds.rb:18
  [1m[35m (39.0ms)[0m  [1m[35mCOMMIT[0m
  ↳ db/seeds.rb:18
  [1m[35m (0.2ms)[0m  [1m[35mBEGIN[0m
  ↳ db/seeds.rb:26
  [1m[36mPlant Exists (0.5ms)[0m  [1m[34mSELECT  1 AS one FROM "plants" WHERE "plants"."name" = $1 AND "plants"."garden_id" = $2 LIMIT $3[0m  [["name", "Anna Septic"], ["garden_id", 1], ["LIMIT", 1]]
  ↳ db/seeds.rb:26
  [1m[36mPlant Create (0.6ms)[0m  [1m[32mINSERT INTO "plants" ("garden_id", "name", "image_url", "created_at", "updated_at") VALUES ($1, $2, $3, $4, $5) RETURNING "id"[0m  [["garden_id", 1], ["name", "Anna Septic"], ["image_url", "https://images.unsplash.com/photo-1583768406576-fd417c2b18e9?crop=entropy&cs=tinysrgb&fit=crop&fm=jpg&h=300&ixid=eyJhcHBfaWQiOjF9&ixlib=rb-1.2.1&q=80&w=400"], ["created_at", "2020-03-30 16:26:00.139712"], ["updated_at", "2020-03-30 16:26:00.139712"]]
  ↳ db/seeds.rb:26
  [1m[35m (26.4ms)[0m  [1m[35mCOMMIT[0m
  ↳ db/seeds.rb:26
  [1m[35m (0.4ms)[0m  [1m[35mBEGIN[0m
  ↳ db/seeds.rb:26
  [1m[36mPlant Exists (0.8ms)[0m  [1m[34mSELECT  1 AS one FROM "plants" WHERE "plants"."name" = $1 AND "plants"."garden_id" = $2 LIMIT $3[0m  [["name", "Max Power"], ["garden_id", 1], ["LIMIT", 1]]
  ↳ db/seeds.rb:26
  [1m[36mPlant Create (1.0ms)[0m  [1m[32mINSERT INTO "plants" ("garden_id", "name", "image_url", "created_at", "updated_at") VALUES ($1, $2, $3, $4, $5) RETURNING "id"[0m  [["garden_id", 1], ["name", "Max Power"], ["image_url", "https://images.unsplash.com/photo-1571412961825-002bc9cadb21?crop=entropy&cs=tinysrgb&fit=crop&fm=jpg&h=300&ixid=eyJhcHBfaWQiOjF9&ixlib=rb-1.2.1&q=80&w=400"], ["created_at", "2020-03-30 16:26:04.051154"], ["updated_at", "2020-03-30 16:26:04.051154"]]
  ↳ db/seeds.rb:26
  [1m[35m (118.1ms)[0m  [1m[35mCOMMIT[0m
  ↳ db/seeds.rb:26
  [1m[35m (0.3ms)[0m  [1m[35mBEGIN[0m
  ↳ db/seeds.rb:26
  [1m[36mPlant Exists (0.4ms)[0m  [1m[34mSELECT  1 AS one FROM "plants" WHERE "plants"."name" = $1 AND "plants"."garden_id" = $2 LIMIT $3[0m  [["name", "Olive Green"], ["garden_id", 1], ["LIMIT", 1]]
  ↳ db/seeds.rb:26
  [1m[36mPlant Create (0.3ms)[0m  [1m[32mINSERT INTO "plants" ("garden_id", "name", "image_url", "created_at", "updated_at") VALUES ($1, $2, $3, $4, $5) RETURNING "id"[0m  [["garden_id", 1], ["name", "Olive Green"], ["image_url", "https://images.unsplash.com/photo-1569753147619-bbdf0c65964d?crop=entropy&cs=tinysrgb&fit=crop&fm=jpg&h=300&ixid=eyJhcHBfaWQiOjF9&ixlib=rb-1.2.1&q=80&w=400"], ["created_at", "2020-03-30 16:26:07.140375"], ["updated_at", "2020-03-30 16:26:07.140375"]]
  ↳ db/seeds.rb:26
  [1m[35m (93.5ms)[0m  [1m[35mCOMMIT[0m
  ↳ db/seeds.rb:26
  [1m[35m (0.5ms)[0m  [1m[35mBEGIN[0m
  ↳ db/seeds.rb:18
  [1m[36mGarden Exists (0.7ms)[0m  [1m[34mSELECT  1 AS one FROM "gardens" WHERE "gardens"."name" = $1 LIMIT $2[0m  [["name", "My Cute Balcony"], ["LIMIT", 1]]
  ↳ db/seeds.rb:18
  [1m[36mGarden Create (0.7ms)[0m  [1m[32mINSERT INTO "gardens" ("name", "banner_url", "created_at", "updated_at") VALUES ($1, $2, $3, $4) RETURNING "id"[0m  [["name", "My Cute Balcony"], ["banner_url", "https://images.unsplash.com/photo-1567006377096-427c19172c19?crop=entropy&cs=tinysrgb&fit=crop&fm=jpg&h=700&ixid=eyJhcHBfaWQiOjF9&ixlib=rb-1.2.1&q=80&w=1200"], ["created_at", "2020-03-30 16:26:10.227664"], ["updated_at", "2020-03-30 16:26:10.227664"]]
  ↳ db/seeds.rb:18
  [1m[35m (11.2ms)[0m  [1m[35mCOMMIT[0m
  ↳ db/seeds.rb:18
  [1m[35m (0.4ms)[0m  [1m[35mBEGIN[0m
  ↳ db/seeds.rb:26
  [1m[36mPlant Exists (0.7ms)[0m  [1m[34mSELECT  1 AS one FROM "plants" WHERE "plants"."name" = $1 AND "plants"."garden_id" = $2 LIMIT $3[0m  [["name", "Missy Sippy"], ["garden_id", 2], ["LIMIT", 1]]
  ↳ db/seeds.rb:26
  [1m[36mPlant Create (0.9ms)[0m  [1m[32mINSERT INTO "plants" ("garden_id", "name", "image_url", "created_at", "updated_at") VALUES ($1, $2, $3, $4, $5) RETURNING "id"[0m  [["garden_id", 2], ["name", "Missy Sippy"], ["image_url", "https://images.unsplash.com/photo-1554973189-8c115bcea7d6?crop=entropy&cs=tinysrgb&fit=crop&fm=jpg&h=300&ixid=eyJhcHBfaWQiOjF9&ixlib=rb-1.2.1&q=80&w=400"], ["created_at", "2020-03-30 16:26:12.013659"], ["updated_at", "2020-03-30 16:26:12.013659"]]
  ↳ db/seeds.rb:26
  [1m[35m (203.8ms)[0m  [1m[35mCOMMIT[0m
  ↳ db/seeds.rb:26
  [1m[35m (0.3ms)[0m  [1m[35mBEGIN[0m
  ↳ db/seeds.rb:26
  [1m[36mPlant Exists (0.7ms)[0m  [1m[34mSELECT  1 AS one FROM "plants" WHERE "plants"."name" = $1 AND "plants"."garden_id" = $2 LIMIT $3[0m  [["name", "Phil A. Mignon"], ["garden_id", 2], ["LIMIT", 1]]
  ↳ db/seeds.rb:26
  [1m[36mPlant Create (0.5ms)[0m  [1m[32mINSERT INTO "plants" ("garden_id", "name", "image_url", "created_at", "updated_at") VALUES ($1, $2, $3, $4, $5) RETURNING "id"[0m  [["garden_id", 2], ["name", "Phil A. Mignon"], ["image_url", "https://images.unsplash.com/photo-1563637981097-e69c11daab0c?crop=entropy&cs=tinysrgb&fit=crop&fm=jpg&h=300&ixid=eyJhcHBfaWQiOjF9&ixlib=rb-1.2.1&q=80&w=400"], ["created_at", "2020-03-30 16:26:15.467853"], ["updated_at", "2020-03-30 16:26:15.467853"]]
  ↳ db/seeds.rb:26
  [1m[35m (35.4ms)[0m  [1m[35mCOMMIT[0m
  ↳ db/seeds.rb:26
  [1m[35m (0.3ms)[0m  [1m[35mBEGIN[0m
  ↳ db/seeds.rb:26
  [1m[36mPlant Exists (0.7ms)[0m  [1m[34mSELECT  1 AS one FROM "plants" WHERE "plants"."name" = $1 AND "plants"."garden_id" = $2 LIMIT $3[0m  [["name", "Xavier Money"], ["garden_id", 2], ["LIMIT", 1]]
  ↳ db/seeds.rb:26
  [1m[36mPlant Create (1.5ms)[0m  [1m[32mINSERT INTO "plants" ("garden_id", "name", "image_url", "created_at", "updated_at") VALUES ($1, $2, $3, $4, $5) RETURNING "id"[0m  [["garden_id", 2], ["name", "Xavier Money"], ["image_url", "https://images.unsplash.com/photo-1542215113-b2a18acef961?crop=entropy&cs=tinysrgb&fit=crop&fm=jpg&h=300&ixid=eyJhcHBfaWQiOjF9&ixlib=rb-1.2.1&q=80&w=400"], ["created_at", "2020-03-30 16:26:18.639716"], ["updated_at", "2020-03-30 16:26:18.639716"]]
  ↳ db/seeds.rb:26
  [1m[35m (30.0ms)[0m  [1m[35mCOMMIT[0m
  ↳ db/seeds.rb:26
  [1m[35m (0.4ms)[0m  [1m[35mBEGIN[0m
  ↳ db/seeds.rb:18
  [1m[36mGarden Exists (0.7ms)[0m  [1m[34mSELECT  1 AS one FROM "gardens" WHERE "gardens"."name" = $1 LIMIT $2[0m  [["name", "English garden"], ["LIMIT", 1]]
  ↳ db/seeds.rb:18
  [1m[36mGarden Create (0.8ms)[0m  [1m[32mINSERT INTO "gardens" ("name", "banner_url", "created_at", "updated_at") VALUES ($1, $2, $3, $4) RETURNING "id"[0m  [["name", "English garden"], ["banner_url", "https://images.unsplash.com/photo-1534710961216-75c88202f43e?crop=entropy&cs=tinysrgb&fit=crop&fm=jpg&h=700&ixid=eyJhcHBfaWQiOjF9&ixlib=rb-1.2.1&q=80&w=1200"], ["created_at", "2020-03-30 16:26:21.501282"], ["updated_at", "2020-03-30 16:26:21.501282"]]
  ↳ db/seeds.rb:18
  [1m[35m (9.4ms)[0m  [1m[35mCOMMIT[0m
  ↳ db/seeds.rb:18
  [1m[35m (0.3ms)[0m  [1m[35mBEGIN[0m
  ↳ db/seeds.rb:26
  [1m[36mPlant Exists (0.7ms)[0m  [1m[34mSELECT  1 AS one FROM "plants" WHERE "plants"."name" = $1 AND "plants"."garden_id" = $2 LIMIT $3[0m  [["name", "Bess Eaton"], ["garden_id", 3], ["LIMIT", 1]]
  ↳ db/seeds.rb:26
  [1m[36mPlant Create (0.7ms)[0m  [1m[32mINSERT INTO "plants" ("garden_id", "name", "image_url", "created_at", "updated_at") VALUES ($1, $2, $3, $4, $5) RETURNING "id"[0m  [["garden_id", 3], ["name", "Bess Eaton"], ["image_url", "https://images.unsplash.com/photo-1568804212931-933316e2d53e?crop=entropy&cs=tinysrgb&fit=crop&fm=jpg&h=300&ixid=eyJhcHBfaWQiOjF9&ixlib=rb-1.2.1&q=80&w=400"], ["created_at", "2020-03-30 16:26:22.458839"], ["updated_at", "2020-03-30 16:26:22.458839"]]
  ↳ db/seeds.rb:26
  [1m[35m (93.9ms)[0m  [1m[35mCOMMIT[0m
  ↳ db/seeds.rb:26
  [1m[35m (0.2ms)[0m  [1m[35mBEGIN[0m
  ↳ db/seeds.rb:26
  [1m[36mPlant Exists (0.3ms)[0m  [1m[34mSELECT  1 AS one FROM "plants" WHERE "plants"."name" = $1 AND "plants"."garden_id" = $2 LIMIT $3[0m  [["name", "Jay Bird"], ["garden_id", 3], ["LIMIT", 1]]
  ↳ db/seeds.rb:26
  [1m[36mPlant Create (0.3ms)[0m  [1m[32mINSERT INTO "plants" ("garden_id", "name", "image_url", "created_at", "updated_at") VALUES ($1, $2, $3, $4, $5) RETURNING "id"[0m  [["garden_id", 3], ["name", "Jay Bird"], ["image_url", "https://images.unsplash.com/photo-1568804212931-933316e2d53e?crop=entropy&cs=tinysrgb&fit=crop&fm=jpg&h=300&ixid=eyJhcHBfaWQiOjF9&ixlib=rb-1.2.1&q=80&w=400"], ["created_at", "2020-03-30 16:26:25.101858"], ["updated_at", "2020-03-30 16:26:25.101858"]]
  ↳ db/seeds.rb:26
  [1m[35m (216.5ms)[0m  [1m[35mCOMMIT[0m
  ↳ db/seeds.rb:26
  [1m[35m (0.4ms)[0m  [1m[35mBEGIN[0m
  ↳ db/seeds.rb:26
  [1m[36mPlant Exists (0.7ms)[0m  [1m[34mSELECT  1 AS one FROM "plants" WHERE "plants"."name" = $1 AND "plants"."garden_id" = $2 LIMIT $3[0m  [["name", "Lisa Neucar"], ["garden_id", 3], ["LIMIT", 1]]
  ↳ db/seeds.rb:26
  [1m[36mPlant Create (1.0ms)[0m  [1m[32mINSERT INTO "plants" ("garden_id", "name", "image_url", "created_at", "updated_at") VALUES ($1, $2, $3, $4, $5) RETURNING "id"[0m  [["garden_id", 3], ["name", "Lisa Neucar"], ["image_url", "https://images.unsplash.com/photo-1572265509505-d80884f41574?crop=entropy&cs=tinysrgb&fit=crop&fm=jpg&h=300&ixid=eyJhcHBfaWQiOjF9&ixlib=rb-1.2.1&q=80&w=400"], ["created_at", "2020-03-30 16:26:28.636852"], ["updated_at", "2020-03-30 16:26:28.636852"]]
  ↳ db/seeds.rb:26
  [1m[35m (62.2ms)[0m  [1m[35mCOMMIT[0m
  ↳ db/seeds.rb:26
  [1m[35m (0.2ms)[0m  [1m[35mBEGIN[0m
  ↳ db/seeds.rb:18
  [1m[36mGarden Exists (0.7ms)[0m  [1m[34mSELECT  1 AS one FROM "gardens" WHERE "gardens"."name" = $1 LIMIT $2[0m  [["name", "Flowered patio"], ["LIMIT", 1]]
  ↳ db/seeds.rb:18
  [1m[36mGarden Create (0.8ms)[0m  [1m[32mINSERT INTO "gardens" ("name", "banner_url", "created_at", "updated_at") VALUES ($1, $2, $3, $4) RETURNING "id"[0m  [["name", "Flowered patio"], ["banner_url", "https://images.unsplash.com/photo-1584987382669-4061a6bc5f3e?crop=entropy&cs=tinysrgb&fit=crop&fm=jpg&h=700&ixid=eyJhcHBfaWQiOjF9&ixlib=rb-1.2.1&q=80&w=1200"], ["created_at", "2020-03-30 16:26:33.109594"], ["updated_at", "2020-03-30 16:26:33.109594"]]
  ↳ db/seeds.rb:18
  [1m[35m (16.6ms)[0m  [1m[35mCOMMIT[0m
  ↳ db/seeds.rb:18
  [1m[35m (0.3ms)[0m  [1m[35mBEGIN[0m
  ↳ db/seeds.rb:26
  [1m[36mPlant Exists (0.8ms)[0m  [1m[34mSELECT  1 AS one FROM "plants" WHERE "plants"."name" = $1 AND "plants"."garden_id" = $2 LIMIT $3[0m  [["name", "Abel N. Willan"], ["garden_id", 4], ["LIMIT", 1]]
  ↳ db/seeds.rb:26
  [1m[36mPlant Create (0.5ms)[0m  [1m[32mINSERT INTO "plants" ("garden_id", "name", "image_url", "created_at", "updated_at") VALUES ($1, $2, $3, $4, $5) RETURNING "id"[0m  [["garden_id", 4], ["name", "Abel N. Willan"], ["image_url", "https://images.unsplash.com/photo-1460235237267-41def675ff13?crop=entropy&cs=tinysrgb&fit=crop&fm=jpg&h=300&ixid=eyJhcHBfaWQiOjF9&ixlib=rb-1.2.1&q=80&w=400"], ["created_at", "2020-03-30 16:26:34.029056"], ["updated_at", "2020-03-30 16:26:34.029056"]]
  ↳ db/seeds.rb:26
  [1m[35m (135.7ms)[0m  [1m[35mCOMMIT[0m
  ↳ db/seeds.rb:26
  [1m[35m (0.3ms)[0m  [1m[35mBEGIN[0m
  ↳ db/seeds.rb:26
  [1m[36mPlant Exists (0.4ms)[0m  [1m[34mSELECT  1 AS one FROM "plants" WHERE "plants"."name" = $1 AND "plants"."garden_id" = $2 LIMIT $3[0m  [["name", "Misty Waters"], ["garden_id", 4], ["LIMIT", 1]]
  ↳ db/seeds.rb:26
  [1m[36mPlant Create (0.4ms)[0m  [1m[32mINSERT INTO "plants" ("garden_id", "name", "image_url", "created_at", "updated_at") VALUES ($1, $2, $3, $4, $5) RETURNING "id"[0m  [["garden_id", 4], ["name", "Misty Waters"], ["image_url", "https://images.unsplash.com/photo-1460235237267-41def675ff13?crop=entropy&cs=tinysrgb&fit=crop&fm=jpg&h=300&ixid=eyJhcHBfaWQiOjF9&ixlib=rb-1.2.1&q=80&w=400"], ["created_at", "2020-03-30 16:26:36.841824"], ["updated_at", "2020-03-30 16:26:36.841824"]]
  ↳ db/seeds.rb:26
  [1m[35m (35.3ms)[0m  [1m[35mCOMMIT[0m
  ↳ db/seeds.rb:26
  [1m[35m (0.4ms)[0m  [1m[35mBEGIN[0m
  ↳ db/seeds.rb:26
  [1m[36mPlant Exists (0.7ms)[0m  [1m[34mSELECT  1 AS one FROM "plants" WHERE "plants"."name" = $1 AND "plants"."garden_id" = $2 LIMIT $3[0m  [["name", "Phil Rupp"], ["garden_id", 4], ["LIMIT", 1]]
  ↳ db/seeds.rb:26
  [1m[36mPlant Create (0.8ms)[0m  [1m[32mINSERT INTO "plants" ("garden_id", "name", "image_url", "created_at", "updated_at") VALUES ($1, $2, $3, $4, $5) RETURNING "id"[0m  [["garden_id", 4], ["name", "Phil Rupp"], ["image_url", "https://images.unsplash.com/photo-1566888608931-3bccb4847db5?crop=entropy&cs=tinysrgb&fit=crop&fm=jpg&h=300&ixid=eyJhcHBfaWQiOjF9&ixlib=rb-1.2.1&q=80&w=400"], ["created_at", "2020-03-30 16:26:40.945224"], ["updated_at", "2020-03-30 16:26:40.945224"]]
  ↳ db/seeds.rb:26
  [1m[35m (68.7ms)[0m  [1m[35mCOMMIT[0m
  ↳ db/seeds.rb:26
  [1m[35m (0.4ms)[0m  [1m[35mBEGIN[0m
  ↳ db/seeds.rb:18
  [1m[36mGarden Exists (0.7ms)[0m  [1m[34mSELECT  1 AS one FROM "gardens" WHERE "gardens"."name" = $1 LIMIT $2[0m  [["name", "Garden in Japan"], ["LIMIT", 1]]
  ↳ db/seeds.rb:18
  [1m[36mGarden Create (0.7ms)[0m  [1m[32mINSERT INTO "gardens" ("name", "banner_url", "created_at", "updated_at") VALUES ($1, $2, $3, $4) RETURNING "id"[0m  [["name", "Garden in Japan"], ["banner_url", "https://images.unsplash.com/photo-1565250605208-70b43962cf3a?crop=entropy&cs=tinysrgb&fit=crop&fm=jpg&h=700&ixid=eyJhcHBfaWQiOjF9&ixlib=rb-1.2.1&q=80&w=1200"], ["created_at", "2020-03-30 16:26:44.763023"], ["updated_at", "2020-03-30 16:26:44.763023"]]
  ↳ db/seeds.rb:18
  [1m[35m (45.1ms)[0m  [1m[35mCOMMIT[0m
  ↳ db/seeds.rb:18
  [1m[35m (0.3ms)[0m  [1m[35mBEGIN[0m
  ↳ db/seeds.rb:26
  [1m[36mPlant Exists (0.7ms)[0m  [1m[34mSELECT  1 AS one FROM "plants" WHERE "plants"."name" = $1 AND "plants"."garden_id" = $2 LIMIT $3[0m  [["name", "Doug Witherspoon"], ["garden_id", 5], ["LIMIT", 1]]
  ↳ db/seeds.rb:26
  [1m[36mPlant Create (0.7ms)[0m  [1m[32mINSERT INTO "plants" ("garden_id", "name", "image_url", "created_at", "updated_at") VALUES ($1, $2, $3, $4, $5) RETURNING "id"[0m  [["garden_id", 5], ["name", "Doug Witherspoon"], ["image_url", "https://images.unsplash.com/photo-1555944563-7222493be4b4?crop=entropy&cs=tinysrgb&fit=crop&fm=jpg&h=300&ixid=eyJhcHBfaWQiOjF9&ixlib=rb-1.2.1&q=80&w=400"], ["created_at", "2020-03-30 16:26:46.677399"], ["updated_at", "2020-03-30 16:26:46.677399"]]
  ↳ db/seeds.rb:26
  [1m[35m (27.3ms)[0m  [1m[35mCOMMIT[0m
  ↳ db/seeds.rb:26
  [1m[35m (0.3ms)[0m  [1m[35mBEGIN[0m
  ↳ db/seeds.rb:26
  [1m[36mPlant Exists (0.6ms)[0m  [1m[34mSELECT  1 AS one FROM "plants" WHERE "plants"."name" = $1 AND "plants"."garden_id" = $2 LIMIT $3[0m  [["name", "Elle O'Quent"], ["garden_id", 5], ["LIMIT", 1]]
  ↳ db/seeds.rb:26
  [1m[36mPlant Create (0.7ms)[0m  [1m[32mINSERT INTO "plants" ("garden_id", "name", "image_url", "created_at", "updated_at") VALUES ($1, $2, $3, $4, $5) RETURNING "id"[0m  [["garden_id", 5], ["name", "Elle O'Quent"], ["image_url", "https://images.unsplash.com/photo-1565489297055-0b4a1ba764ad?crop=entropy&cs=tinysrgb&fit=crop&fm=jpg&h=300&ixid=eyJhcHBfaWQiOjF9&ixlib=rb-1.2.1&q=80&w=400"], ["created_at", "2020-03-30 16:26:49.658555"], ["updated_at", "2020-03-30 16:26:49.658555"]]
  ↳ db/seeds.rb:26
  [1m[35m (31.7ms)[0m  [1m[35mCOMMIT[0m
  ↳ db/seeds.rb:26
  [1m[35m (0.3ms)[0m  [1m[35mBEGIN[0m
  ↳ db/seeds.rb:26
  [1m[36mPlant Exists (0.6ms)[0m  [1m[34mSELECT  1 AS one FROM "plants" WHERE "plants"."name" = $1 AND "plants"."garden_id" = $2 LIMIT $3[0m  [["name", "Justin Sane"], ["garden_id", 5], ["LIMIT", 1]]
  ↳ db/seeds.rb:26
  [1m[36mPlant Create (0.5ms)[0m  [1m[32mINSERT INTO "plants" ("garden_id", "name", "image_url", "created_at", "updated_at") VALUES ($1, $2, $3, $4, $5) RETURNING "id"[0m  [["garden_id", 5], ["name", "Justin Sane"], ["image_url", "https://images.unsplash.com/photo-1565489297055-0b4a1ba764ad?crop=entropy&cs=tinysrgb&fit=crop&fm=jpg&h=300&ixid=eyJhcHBfaWQiOjF9&ixlib=rb-1.2.1&q=80&w=400"], ["created_at", "2020-03-30 16:26:52.371016"], ["updated_at", "2020-03-30 16:26:52.371016"]]
  ↳ db/seeds.rb:26
  [1m[35m (15.7ms)[0m  [1m[35mCOMMIT[0m
  ↳ db/seeds.rb:26
  [1m[35m (0.4ms)[0m  [1m[35mBEGIN[0m
  ↳ db/seeds.rb:18
  [1m[36mGarden Exists (0.8ms)[0m  [1m[34mSELECT  1 AS one FROM "gardens" WHERE "gardens"."name" = $1 LIMIT $2[0m  [["name", "Walk among flowers"], ["LIMIT", 1]]
  ↳ db/seeds.rb:18
  [1m[36mGarden Create (0.7ms)[0m  [1m[32mINSERT INTO "gardens" ("name", "banner_url", "created_at", "updated_at") VALUES ($1, $2, $3, $4) RETURNING "id"[0m  [["name", "Walk among flowers"], ["banner_url", "https://images.unsplash.com/photo-1562228018-485e4d20a56d?crop=entropy&cs=tinysrgb&fit=crop&fm=jpg&h=700&ixid=eyJhcHBfaWQiOjF9&ixlib=rb-1.2.1&q=80&w=1200"], ["created_at", "2020-03-30 16:26:55.437593"], ["updated_at", "2020-03-30 16:26:55.437593"]]
  ↳ db/seeds.rb:18
  [1m[35m (21.1ms)[0m  [1m[35mCOMMIT[0m
  ↳ db/seeds.rb:18
  [1m[35m (0.3ms)[0m  [1m[35mBEGIN[0m
  ↳ db/seeds.rb:26
  [1m[36mPlant Exists (0.7ms)[0m  [1m[34mSELECT  1 AS one FROM "plants" WHERE "plants"."name" = $1 AND "plants"."garden_id" = $2 LIMIT $3[0m  [["name", "Wanda Rinn"], ["garden_id", 6], ["LIMIT", 1]]
  ↳ db/seeds.rb:26
  [1m[36mPlant Create (0.8ms)[0m  [1m[32mINSERT INTO "plants" ("garden_id", "name", "image_url", "created_at", "updated_at") VALUES ($1, $2, $3, $4, $5) RETURNING "id"[0m  [["garden_id", 6], ["name", "Wanda Rinn"], ["image_url", "https://images.unsplash.com/photo-1573841341559-05c7083e5331?crop=entropy&cs=tinysrgb&fit=crop&fm=jpg&h=300&ixid=eyJhcHBfaWQiOjF9&ixlib=rb-1.2.1&q=80&w=400"], ["created_at", "2020-03-30 16:26:57.148995"], ["updated_at", "2020-03-30 16:26:57.148995"]]
  ↳ db/seeds.rb:26
  [1m[35m (29.6ms)[0m  [1m[35mCOMMIT[0m
  ↳ db/seeds.rb:26
  [1m[35m (0.2ms)[0m  [1m[35mBEGIN[0m
  ↳ db/seeds.rb:26
  [1m[36mPlant Exists (0.5ms)[0m  [1m[34mSELECT  1 AS one FROM "plants" WHERE "plants"."name" = $1 AND "plants"."garden_id" = $2 LIMIT $3[0m  [["name", "Patton Down DeHatches"], ["garden_id", 6], ["LIMIT", 1]]
  ↳ db/seeds.rb:26
  [1m[36mPlant Create (1.0ms)[0m  [1m[32mINSERT INTO "plants" ("garden_id", "name", "image_url", "created_at", "updated_at") VALUES ($1, $2, $3, $4, $5) RETURNING "id"[0m  [["garden_id", 6], ["name", "Patton Down DeHatches"], ["image_url", "https://images.unsplash.com/photo-1541426599766-35c9460d3ba1?crop=entropy&cs=tinysrgb&fit=crop&fm=jpg&h=300&ixid=eyJhcHBfaWQiOjF9&ixlib=rb-1.2.1&q=80&w=400"], ["created_at", "2020-03-30 16:27:00.189459"], ["updated_at", "2020-03-30 16:27:00.189459"]]
  ↳ db/seeds.rb:26
  [1m[35m (50.7ms)[0m  [1m[35mCOMMIT[0m
  ↳ db/seeds.rb:26
  [1m[35m (0.2ms)[0m  [1m[35mBEGIN[0m
  ↳ db/seeds.rb:26
  [1m[36mPlant Exists (0.5ms)[0m  [1m[34mSELECT  1 AS one FROM "plants" WHERE "plants"."name" = $1 AND "plants"."garden_id" = $2 LIMIT $3[0m  [["name", "Rocky Rhoades"], ["garden_id", 6], ["LIMIT", 1]]
  ↳ db/seeds.rb:26
  [1m[36mPlant Create (0.5ms)[0m  [1m[32mINSERT INTO "plants" ("garden_id", "name", "image_url", "created_at", "updated_at") VALUES ($1, $2, $3, $4, $5) RETURNING "id"[0m  [["garden_id", 6], ["name", "Rocky Rhoades"], ["image_url", "https://images.unsplash.com/photo-1541426599766-35c9460d3ba1?crop=entropy&cs=tinysrgb&fit=crop&fm=jpg&h=300&ixid=eyJhcHBfaWQiOjF9&ixlib=rb-1.2.1&q=80&w=400"], ["created_at", "2020-03-30 16:27:02.852237"], ["updated_at", "2020-03-30 16:27:02.852237"]]
  ↳ db/seeds.rb:26
  [1m[35m (30.0ms)[0m  [1m[35mCOMMIT[0m
  ↳ db/seeds.rb:26
Started GET "/" for ::1 at 2020-03-30 18:29:26 +0200
  [1m[35m (0.5ms)[0m  [1m[34mSELECT "schema_migrations"."version" FROM "schema_migrations" ORDER BY "schema_migrations"."version" ASC[0m
  ↳ /home/sylvinho/.rbenv/versions/2.6.5/lib/ruby/gems/2.6.0/gems/activerecord-5.2.3/lib/active_record/log_subscriber.rb:98
Processing by GardensController#index as HTML
  Rendering gardens/index.html.erb within layouts/application
  [1m[36mGarden Load (0.6ms)[0m  [1m[34mSELECT "gardens".* FROM "gardens"[0m
  ↳ app/views/gardens/index.html.erb:42
  Rendered gardens/_garden_card.html.erb (0.5ms)
  Rendered gardens/_garden_card.html.erb (0.1ms)
  Rendered gardens/_garden_card.html.erb (0.1ms)
  Rendered gardens/_garden_card.html.erb (0.1ms)
  Rendered gardens/_garden_card.html.erb (0.1ms)
  Rendered gardens/_garden_card.html.erb (0.1ms)
  Rendered gardens/index.html.erb within layouts/application (3305.8ms)
  Rendered shared/_navbar.html.erb (0.6ms)
  Rendered shared/_footer.html.erb (0.2ms)
[Webpacker] Compiling...
[Webpacker] Compiled all packs in /home/sylvinho/code/sylvinho00/rails-garden-manager/public/packs
[Webpacker] Hash: e3128af20ae85497fdaa
Version: webpack 4.41.2
Time: 3064ms
Built at: 03/30/2020 6:29:37 PM
                                     Asset       Size       Chunks                         Chunk Names
    js/application-1a62a4814a25238fb785.js    495 KiB  application  [emitted] [immutable]  application
js/application-1a62a4814a25238fb785.js.map    622 KiB  application  [emitted] [dev]        application
                             manifest.json  364 bytes               [emitted]              
Entrypoint application = js/application-1a62a4814a25238fb785.js js/application-1a62a4814a25238fb785.js.map
[./app/javascript/packs/application.js] 19 bytes {application} [built]
[./node_modules/webpack/buildin/global.js] (webpack)/buildin/global.js 472 bytes {application} [built]
    + 3 hidden modules

Completed 200 OK in 11591ms (Views: 11581.7ms | ActiveRecord: 5.1ms)


Started GET "/" for ::1 at 2020-03-30 18:29:52 +0200
Processing by GardensController#index as HTML
  Rendering gardens/index.html.erb within layouts/application
  [1m[36mGarden Load (0.6ms)[0m  [1m[34mSELECT "gardens".* FROM "gardens"[0m
  ↳ app/views/gardens/index.html.erb:42
  Rendered gardens/_garden_card.html.erb (0.8ms)
  Rendered gardens/_garden_card.html.erb (0.1ms)
  Rendered gardens/_garden_card.html.erb (0.1ms)
  Rendered gardens/_garden_card.html.erb (0.1ms)
  Rendered gardens/_garden_card.html.erb (0.1ms)
  Rendered gardens/_garden_card.html.erb (0.1ms)
  Rendered gardens/index.html.erb within layouts/application (12.5ms)
  Rendered shared/_navbar.html.erb (0.9ms)
  Rendered shared/_footer.html.erb (0.2ms)
[Webpacker] Everything's up-to-date. Nothing to do
Completed 200 OK in 28ms (Views: 27.0ms | ActiveRecord: 0.6ms)


Started GET "/" for ::1 at 2020-03-30 18:29:55 +0200
Processing by GardensController#index as HTML
  Rendering gardens/index.html.erb within layouts/application
  [1m[36mGarden Load (0.3ms)[0m  [1m[34mSELECT "gardens".* FROM "gardens"[0m
  ↳ app/views/gardens/index.html.erb:42
  Rendered gardens/_garden_card.html.erb (0.5ms)
  Rendered gardens/_garden_card.html.erb (0.1ms)
  Rendered gardens/_garden_card.html.erb (0.1ms)
  Rendered gardens/_garden_card.html.erb (0.2ms)
  Rendered gardens/_garden_card.html.erb (0.2ms)
  Rendered gardens/_garden_card.html.erb (0.2ms)
  Rendered gardens/index.html.erb within layouts/application (9.9ms)
  Rendered shared/_navbar.html.erb (1.3ms)
  Rendered shared/_footer.html.erb (0.4ms)
[Webpacker] Everything's up-to-date. Nothing to do
Completed 200 OK in 31ms (Views: 30.4ms | ActiveRecord: 0.3ms)


Started GET "/gardens/new" for ::1 at 2020-03-30 18:30:04 +0200
Processing by GardensController#new as HTML
  Rendering gardens/new.html.erb within layouts/application
  Rendered gardens/new.html.erb within layouts/application (682.2ms)
  Rendered shared/_navbar.html.erb (1.0ms)
  Rendered shared/_footer.html.erb (0.2ms)
[Webpacker] Everything's up-to-date. Nothing to do
Completed 200 OK in 700ms (Views: 699.1ms | ActiveRecord: 0.0ms)


Started GET "/gardens/new" for ::1 at 2020-03-30 18:30:12 +0200
Processing by GardensController#new as HTML
  Rendering gardens/new.html.erb within layouts/application
  Rendered gardens/new.html.erb within layouts/application (8.4ms)
  Rendered shared/_navbar.html.erb (0.8ms)
  Rendered shared/_footer.html.erb (0.2ms)
[Webpacker] Everything's up-to-date. Nothing to do
Completed 200 OK in 23ms (Views: 22.6ms | ActiveRecord: 0.0ms)


Started GET "/gardens/new" for ::1 at 2020-03-30 18:30:57 +0200
Processing by GardensController#new as HTML
  Rendering gardens/new.html.erb within layouts/application
  Rendered gardens/new.html.erb within layouts/application (6.1ms)
  Rendered shared/_navbar.html.erb (0.9ms)
  Rendered shared/_footer.html.erb (0.2ms)
[Webpacker] Everything's up-to-date. Nothing to do
Completed 200 OK in 28ms (Views: 27.4ms | ActiveRecord: 0.0ms)


Started POST "/gardens" for ::1 at 2020-03-30 18:32:01 +0200
Processing by GardensController#create as HTML
  Parameters: {"utf8"=>"✓", "authenticity_token"=>"G1XID2S+O2oSfgatgahcZIwrEJ9ai7l+VnJtK/MXLmbUboxTNa5gxQS5Htap4rbwAZzVTG/1GZAZsp4rTJS3aA==", "garden"=>{"name"=>"Eden Garden", "banner_url"=>"https://www.reforme.net/wp-content/uploads/2019/05/Adam_et_E%CC%80ve_au_Paradis_Terrestre.jpg"}, "commit"=>"Create Garden"}
  [1m[35m (0.1ms)[0m  [1m[35mBEGIN[0m
  ↳ app/controllers/gardens_controller.rb:18
  [1m[36mGarden Exists (0.6ms)[0m  [1m[34mSELECT  1 AS one FROM "gardens" WHERE "gardens"."name" = $1 LIMIT $2[0m  [["name", "Eden Garden"], ["LIMIT", 1]]
  ↳ app/controllers/gardens_controller.rb:18
  [1m[36mGarden Create (0.4ms)[0m  [1m[32mINSERT INTO "gardens" ("name", "banner_url", "created_at", "updated_at") VALUES ($1, $2, $3, $4) RETURNING "id"[0m  [["name", "Eden Garden"], ["banner_url", "https://www.reforme.net/wp-content/uploads/2019/05/Adam_et_E%CC%80ve_au_Paradis_Terrestre.jpg"], ["created_at", "2020-03-30 16:32:01.868242"], ["updated_at", "2020-03-30 16:32:01.868242"]]
  ↳ app/controllers/gardens_controller.rb:18
  [1m[35m (57.7ms)[0m  [1m[35mCOMMIT[0m
  ↳ app/controllers/gardens_controller.rb:18
Redirected to http://localhost:3000/gardens/7
Completed 302 Found in 151ms (ActiveRecord: 58.7ms)


Started GET "/gardens/7" for ::1 at 2020-03-30 18:32:01 +0200
Processing by GardensController#show as HTML
  Parameters: {"id"=>"7"}
  [1m[36mGarden Load (0.3ms)[0m  [1m[34mSELECT  "gardens".* FROM "gardens" WHERE "gardens"."id" = $1 LIMIT $2[0m  [["id", 7], ["LIMIT", 1]]
  ↳ app/controllers/gardens_controller.rb:7
  Rendering gardens/show.html.erb within layouts/application
  [1m[36mPlant Load (0.5ms)[0m  [1m[34mSELECT "plants".* FROM "plants" WHERE "plants"."garden_id" = $1[0m  [["garden_id", 7]]
  ↳ app/views/gardens/show.html.erb:9
  Rendered gardens/show.html.erb within layouts/application (77.4ms)
  Rendered shared/_navbar.html.erb (0.9ms)
  Rendered shared/_footer.html.erb (0.2ms)
[Webpacker] Everything's up-to-date. Nothing to do
Completed 200 OK in 390ms (Views: 91.7ms | ActiveRecord: 5.3ms)


Started GET "/" for ::1 at 2020-03-30 18:32:19 +0200
Processing by GardensController#index as HTML
  Rendering gardens/index.html.erb within layouts/application
  [1m[36mGarden Load (0.3ms)[0m  [1m[34mSELECT "gardens".* FROM "gardens"[0m
  ↳ app/views/gardens/index.html.erb:42
  Rendered gardens/_garden_card.html.erb (0.4ms)
  Rendered gardens/_garden_card.html.erb (0.1ms)
  Rendered gardens/_garden_card.html.erb (0.1ms)
  Rendered gardens/_garden_card.html.erb (0.1ms)
  Rendered gardens/_garden_card.html.erb (0.1ms)
  Rendered gardens/_garden_card.html.erb (0.1ms)
  Rendered gardens/_garden_card.html.erb (0.1ms)
  Rendered gardens/index.html.erb within layouts/application (9.3ms)
  Rendered shared/_navbar.html.erb (0.6ms)
  Rendered shared/_footer.html.erb (0.2ms)
[Webpacker] Everything's up-to-date. Nothing to do
Completed 200 OK in 27ms (Views: 25.8ms | ActiveRecord: 0.3ms)


Started GET "/gardens/5" for ::1 at 2020-03-30 18:32:23 +0200
Processing by GardensController#show as HTML
  Parameters: {"id"=>"5"}
  [1m[36mGarden Load (0.4ms)[0m  [1m[34mSELECT  "gardens".* FROM "gardens" WHERE "gardens"."id" = $1 LIMIT $2[0m  [["id", 5], ["LIMIT", 1]]
  ↳ app/controllers/gardens_controller.rb:7
  Rendering gardens/show.html.erb within layouts/application
  [1m[36mPlant Load (0.4ms)[0m  [1m[34mSELECT "plants".* FROM "plants" WHERE "plants"."garden_id" = $1[0m  [["garden_id", 5]]
  ↳ app/views/gardens/show.html.erb:9
  Rendered gardens/_plant_card.html.erb (1.0ms)
  Rendered gardens/_plant_card.html.erb (0.1ms)
  Rendered gardens/_plant_card.html.erb (0.2ms)
  Rendered gardens/show.html.erb within layouts/application (30.6ms)
  Rendered shared/_navbar.html.erb (0.8ms)
  Rendered shared/_footer.html.erb (0.2ms)
[Webpacker] Everything's up-to-date. Nothing to do
Completed 200 OK in 49ms (Views: 46.7ms | ActiveRecord: 0.7ms)


Started GET "/gardens/5/edit" for ::1 at 2020-03-30 18:32:41 +0200
  
ActionController::RoutingError (No route matches [GET] "/gardens/5/edit"):
  
actionpack (5.2.3) lib/action_dispatch/middleware/debug_exceptions.rb:65:in `call'
web-console (3.7.0) lib/web_console/middleware.rb:135:in `call_app'
web-console (3.7.0) lib/web_console/middleware.rb:30:in `block in call'
web-console (3.7.0) lib/web_console/middleware.rb:20:in `catch'
web-console (3.7.0) lib/web_console/middleware.rb:20:in `call'
actionpack (5.2.3) lib/action_dispatch/middleware/show_exceptions.rb:33:in `call'
railties (5.2.3) lib/rails/rack/logger.rb:38:in `call_app'
railties (5.2.3) lib/rails/rack/logger.rb:26:in `block in call'
activesupport (5.2.3) lib/active_support/tagged_logging.rb:71:in `block in tagged'
activesupport (5.2.3) lib/active_support/tagged_logging.rb:28:in `tagged'
activesupport (5.2.3) lib/active_support/tagged_logging.rb:71:in `tagged'
railties (5.2.3) lib/rails/rack/logger.rb:26:in `call'
sprockets-rails (3.2.1) lib/sprockets/rails/quiet_assets.rb:13:in `call'
actionpack (5.2.3) lib/action_dispatch/middleware/remote_ip.rb:81:in `call'
actionpack (5.2.3) lib/action_dispatch/middleware/request_id.rb:27:in `call'
rack (2.2.2) lib/rack/method_override.rb:24:in `call'
rack (2.2.2) lib/rack/runtime.rb:22:in `call'
activesupport (5.2.3) lib/active_support/cache/strategy/local_cache_middleware.rb:29:in `call'
actionpack (5.2.3) lib/action_dispatch/middleware/executor.rb:14:in `call'
actionpack (5.2.3) lib/action_dispatch/middleware/static.rb:127:in `call'
rack (2.2.2) lib/rack/sendfile.rb:110:in `call'
webpacker (4.2.2) lib/webpacker/dev_server_proxy.rb:23:in `perform_request'
rack-proxy (0.6.5) lib/rack/proxy.rb:57:in `call'
railties (5.2.3) lib/rails/engine.rb:524:in `call'
puma (4.3.3) lib/puma/configuration.rb:228:in `call'
puma (4.3.3) lib/puma/server.rb:682:in `handle_request'
puma (4.3.3) lib/puma/server.rb:472:in `process_client'
puma (4.3.3) lib/puma/server.rb:328:in `block in run'
puma (4.3.3) lib/puma/thread_pool.rb:134:in `block in spawn_thread'
